INFO - 2024-01-19 07:45:07 --> Session: Class initialized using 'CodeIgniter\Session\Handlers\FileHandler' driver.
INFO - 2024-01-19 07:45:07 --> Session: Class initialized using 'CodeIgniter\Session\Handlers\FileHandler' driver.
INFO - 2024-01-19 07:45:39 --> Session: Class initialized using 'CodeIgniter\Session\Handlers\FileHandler' driver.
INFO - 2024-01-19 07:45:59 --> Session: Class initialized using 'CodeIgniter\Session\Handlers\FileHandler' driver.
INFO - 2024-01-19 07:46:08 --> Session: Class initialized using 'CodeIgniter\Session\Handlers\FileHandler' driver.
INFO - 2024-01-19 07:46:08 --> Session: Class initialized using 'CodeIgniter\Session\Handlers\FileHandler' driver.
INFO - 2024-01-19 07:46:11 --> Session: Class initialized using 'CodeIgniter\Session\Handlers\FileHandler' driver.
INFO - 2024-01-19 07:46:15 --> Session: Class initialized using 'CodeIgniter\Session\Handlers\FileHandler' driver.
INFO - 2024-01-19 09:49:29 --> Session: Class initialized using 'CodeIgniter\Session\Handlers\FileHandler' driver.
INFO - 2024-01-19 09:49:29 --> Session: Class initialized using 'CodeIgniter\Session\Handlers\FileHandler' driver.
INFO - 2024-01-19 09:49:39 --> Session: Class initialized using 'CodeIgniter\Session\Handlers\FileHandler' driver.
INFO - 2024-01-19 09:49:39 --> Session: Class initialized using 'CodeIgniter\Session\Handlers\FileHandler' driver.
INFO - 2024-01-19 09:49:43 --> Session: Class initialized using 'CodeIgniter\Session\Handlers\FileHandler' driver.
INFO - 2024-01-19 09:49:49 --> Session: Class initialized using 'CodeIgniter\Session\Handlers\FileHandler' driver.
INFO - 2024-01-19 09:49:56 --> Session: Class initialized using 'CodeIgniter\Session\Handlers\FileHandler' driver.
CRITICAL - 2024-01-19 09:49:56 --> Undefined variable $foto_id
in APPPATH\Controllers\AppController.php on line 179.
 1 APPPATH\Controllers\AppController.php(179): CodeIgniter\Debug\Exceptions->errorHandler(2, 'Undefined variable $foto_id', 'APPPATH\\Controllers\\AppController.php', 179)
 2 SYSTEMPATH\CodeIgniter.php(934): App\Controllers\AppController->proses_edit_foto()
 3 SYSTEMPATH\CodeIgniter.php(499): CodeIgniter\CodeIgniter->runController(Object(App\Controllers\AppController))
 4 SYSTEMPATH\CodeIgniter.php(368): CodeIgniter\CodeIgniter->handleRequest(null, Object(Config\Cache), false)
 5 FCPATH\index.php(67): CodeIgniter\CodeIgniter->run()
INFO - 2024-01-19 09:51:05 --> Session: Class initialized using 'CodeIgniter\Session\Handlers\FileHandler' driver.
CRITICAL - 2024-01-19 09:51:05 --> Undefined variable $foto_id
in APPPATH\Controllers\AppController.php on line 179.
 1 APPPATH\Controllers\AppController.php(179): CodeIgniter\Debug\Exceptions->errorHandler(2, 'Undefined variable $foto_id', 'APPPATH\\Controllers\\AppController.php', 179)
 2 SYSTEMPATH\CodeIgniter.php(934): App\Controllers\AppController->proses_edit_foto()
 3 SYSTEMPATH\CodeIgniter.php(499): CodeIgniter\CodeIgniter->runController(Object(App\Controllers\AppController))
 4 SYSTEMPATH\CodeIgniter.php(368): CodeIgniter\CodeIgniter->handleRequest(null, Object(Config\Cache), false)
 5 FCPATH\index.php(67): CodeIgniter\CodeIgniter->run()
INFO - 2024-01-19 09:51:12 --> Session: Class initialized using 'CodeIgniter\Session\Handlers\FileHandler' driver.
CRITICAL - 2024-01-19 09:51:12 --> Undefined variable $foto_id
in APPPATH\Controllers\AppController.php on line 179.
 1 APPPATH\Controllers\AppController.php(179): CodeIgniter\Debug\Exceptions->errorHandler(2, 'Undefined variable $foto_id', 'APPPATH\\Controllers\\AppController.php', 179)
 2 SYSTEMPATH\CodeIgniter.php(934): App\Controllers\AppController->proses_edit_foto()
 3 SYSTEMPATH\CodeIgniter.php(499): CodeIgniter\CodeIgniter->runController(Object(App\Controllers\AppController))
 4 SYSTEMPATH\CodeIgniter.php(368): CodeIgniter\CodeIgniter->handleRequest(null, Object(Config\Cache), false)
 5 FCPATH\index.php(67): CodeIgniter\CodeIgniter->run()
INFO - 2024-01-19 09:51:28 --> Session: Class initialized using 'CodeIgniter\Session\Handlers\FileHandler' driver.
CRITICAL - 2024-01-19 09:51:28 --> Undefined variable $foto_id
in APPPATH\Controllers\AppController.php on line 179.
 1 APPPATH\Controllers\AppController.php(179): CodeIgniter\Debug\Exceptions->errorHandler(2, 'Undefined variable $foto_id', 'APPPATH\\Controllers\\AppController.php', 179)
 2 SYSTEMPATH\CodeIgniter.php(934): App\Controllers\AppController->proses_edit_foto()
 3 SYSTEMPATH\CodeIgniter.php(499): CodeIgniter\CodeIgniter->runController(Object(App\Controllers\AppController))
 4 SYSTEMPATH\CodeIgniter.php(368): CodeIgniter\CodeIgniter->handleRequest(null, Object(Config\Cache), false)
 5 FCPATH\index.php(67): CodeIgniter\CodeIgniter->run()
INFO - 2024-01-19 09:51:32 --> Session: Class initialized using 'CodeIgniter\Session\Handlers\FileHandler' driver.
INFO - 2024-01-19 09:51:33 --> Session: Class initialized using 'CodeIgniter\Session\Handlers\FileHandler' driver.
INFO - 2024-01-19 09:51:39 --> Session: Class initialized using 'CodeIgniter\Session\Handlers\FileHandler' driver.
CRITICAL - 2024-01-19 09:51:39 --> Undefined variable $foto_id
in APPPATH\Controllers\AppController.php on line 179.
 1 APPPATH\Controllers\AppController.php(179): CodeIgniter\Debug\Exceptions->errorHandler(2, 'Undefined variable $foto_id', 'APPPATH\\Controllers\\AppController.php', 179)
 2 SYSTEMPATH\CodeIgniter.php(934): App\Controllers\AppController->proses_edit_foto()
 3 SYSTEMPATH\CodeIgniter.php(499): CodeIgniter\CodeIgniter->runController(Object(App\Controllers\AppController))
 4 SYSTEMPATH\CodeIgniter.php(368): CodeIgniter\CodeIgniter->handleRequest(null, Object(Config\Cache), false)
 5 FCPATH\index.php(67): CodeIgniter\CodeIgniter->run()
INFO - 2024-01-19 09:52:15 --> Session: Class initialized using 'CodeIgniter\Session\Handlers\FileHandler' driver.
CRITICAL - 2024-01-19 09:52:15 --> Undefined variable $foto_id
in APPPATH\Controllers\AppController.php on line 179.
 1 APPPATH\Controllers\AppController.php(179): CodeIgniter\Debug\Exceptions->errorHandler(2, 'Undefined variable $foto_id', 'APPPATH\\Controllers\\AppController.php', 179)
 2 SYSTEMPATH\CodeIgniter.php(934): App\Controllers\AppController->proses_edit_foto()
 3 SYSTEMPATH\CodeIgniter.php(499): CodeIgniter\CodeIgniter->runController(Object(App\Controllers\AppController))
 4 SYSTEMPATH\CodeIgniter.php(368): CodeIgniter\CodeIgniter->handleRequest(null, Object(Config\Cache), false)
 5 FCPATH\index.php(67): CodeIgniter\CodeIgniter->run()
INFO - 2024-01-19 09:52:37 --> Session: Class initialized using 'CodeIgniter\Session\Handlers\FileHandler' driver.
CRITICAL - 2024-01-19 09:52:37 --> Undefined variable $foto_id
in APPPATH\Controllers\AppController.php on line 179.
 1 APPPATH\Controllers\AppController.php(179): CodeIgniter\Debug\Exceptions->errorHandler(2, 'Undefined variable $foto_id', 'APPPATH\\Controllers\\AppController.php', 179)
 2 SYSTEMPATH\CodeIgniter.php(934): App\Controllers\AppController->proses_edit_foto()
 3 SYSTEMPATH\CodeIgniter.php(499): CodeIgniter\CodeIgniter->runController(Object(App\Controllers\AppController))
 4 SYSTEMPATH\CodeIgniter.php(368): CodeIgniter\CodeIgniter->handleRequest(null, Object(Config\Cache), false)
 5 FCPATH\index.php(67): CodeIgniter\CodeIgniter->run()
INFO - 2024-01-19 09:52:44 --> Session: Class initialized using 'CodeIgniter\Session\Handlers\FileHandler' driver.
INFO - 2024-01-19 09:52:45 --> Session: Class initialized using 'CodeIgniter\Session\Handlers\FileHandler' driver.
INFO - 2024-01-19 09:52:47 --> Session: Class initialized using 'CodeIgniter\Session\Handlers\FileHandler' driver.
INFO - 2024-01-19 09:52:49 --> Session: Class initialized using 'CodeIgniter\Session\Handlers\FileHandler' driver.
INFO - 2024-01-19 09:53:02 --> Session: Class initialized using 'CodeIgniter\Session\Handlers\FileHandler' driver.
INFO - 2024-01-19 09:53:03 --> Session: Class initialized using 'CodeIgniter\Session\Handlers\FileHandler' driver.
INFO - 2024-01-19 09:53:05 --> Session: Class initialized using 'CodeIgniter\Session\Handlers\FileHandler' driver.
INFO - 2024-01-19 09:53:08 --> Session: Class initialized using 'CodeIgniter\Session\Handlers\FileHandler' driver.
INFO - 2024-01-19 09:53:12 --> Session: Class initialized using 'CodeIgniter\Session\Handlers\FileHandler' driver.
INFO - 2024-01-19 09:53:15 --> Session: Class initialized using 'CodeIgniter\Session\Handlers\FileHandler' driver.
INFO - 2024-01-19 09:53:19 --> Session: Class initialized using 'CodeIgniter\Session\Handlers\FileHandler' driver.
CRITICAL - 2024-01-19 09:53:19 --> Undefined variable $foto_id
in APPPATH\Controllers\AppController.php on line 179.
 1 APPPATH\Controllers\AppController.php(179): CodeIgniter\Debug\Exceptions->errorHandler(2, 'Undefined variable $foto_id', 'APPPATH\\Controllers\\AppController.php', 179)
 2 SYSTEMPATH\CodeIgniter.php(934): App\Controllers\AppController->proses_edit_foto()
 3 SYSTEMPATH\CodeIgniter.php(499): CodeIgniter\CodeIgniter->runController(Object(App\Controllers\AppController))
 4 SYSTEMPATH\CodeIgniter.php(368): CodeIgniter\CodeIgniter->handleRequest(null, Object(Config\Cache), false)
 5 FCPATH\index.php(67): CodeIgniter\CodeIgniter->run()
INFO - 2024-01-19 09:53:34 --> Session: Class initialized using 'CodeIgniter\Session\Handlers\FileHandler' driver.
CRITICAL - 2024-01-19 09:53:34 --> Undefined variable $foto_id
in APPPATH\Controllers\AppController.php on line 179.
 1 APPPATH\Controllers\AppController.php(179): CodeIgniter\Debug\Exceptions->errorHandler(2, 'Undefined variable $foto_id', 'APPPATH\\Controllers\\AppController.php', 179)
 2 SYSTEMPATH\CodeIgniter.php(934): App\Controllers\AppController->proses_edit_foto()
 3 SYSTEMPATH\CodeIgniter.php(499): CodeIgniter\CodeIgniter->runController(Object(App\Controllers\AppController))
 4 SYSTEMPATH\CodeIgniter.php(368): CodeIgniter\CodeIgniter->handleRequest(null, Object(Config\Cache), false)
 5 FCPATH\index.php(67): CodeIgniter\CodeIgniter->run()
INFO - 2024-01-19 09:53:36 --> Session: Class initialized using 'CodeIgniter\Session\Handlers\FileHandler' driver.
INFO - 2024-01-19 09:53:59 --> Session: Class initialized using 'CodeIgniter\Session\Handlers\FileHandler' driver.
CRITICAL - 2024-01-19 09:53:59 --> Undefined variable $foto_id
in APPPATH\Controllers\AppController.php on line 179.
 1 APPPATH\Controllers\AppController.php(179): CodeIgniter\Debug\Exceptions->errorHandler(2, 'Undefined variable $foto_id', 'APPPATH\\Controllers\\AppController.php', 179)
 2 SYSTEMPATH\CodeIgniter.php(934): App\Controllers\AppController->proses_edit_foto()
 3 SYSTEMPATH\CodeIgniter.php(499): CodeIgniter\CodeIgniter->runController(Object(App\Controllers\AppController))
 4 SYSTEMPATH\CodeIgniter.php(368): CodeIgniter\CodeIgniter->handleRequest(null, Object(Config\Cache), false)
 5 FCPATH\index.php(67): CodeIgniter\CodeIgniter->run()
INFO - 2024-01-19 09:54:47 --> Session: Class initialized using 'CodeIgniter\Session\Handlers\FileHandler' driver.
ERROR - 2024-01-19 09:54:47 --> mysqli_sql_exception: Cannot add or update a child row: a foreign key constraint fails (`fotogaleri`.`foto`, CONSTRAINT `foto_ibfk_1` FOREIGN KEY (`user_id`) REFERENCES `user` (`user_id`) ON DELETE CASCADE ON UPDATE CASCADE) in C:\xampp\htdocs\project_ukk\project\system\Database\MySQLi\Connection.php:295
Stack trace:
#0 C:\xampp\htdocs\project_ukk\project\system\Database\MySQLi\Connection.php(295): mysqli->query('UPDATE `foto` S...', 0)
#1 C:\xampp\htdocs\project_ukk\project\system\Database\BaseConnection.php(691): CodeIgniter\Database\MySQLi\Connection->execute('UPDATE `foto` S...')
#2 C:\xampp\htdocs\project_ukk\project\system\Database\BaseConnection.php(605): CodeIgniter\Database\BaseConnection->simpleQuery('UPDATE `foto` S...')
#3 C:\xampp\htdocs\project_ukk\project\system\Database\BaseBuilder.php(2461): CodeIgniter\Database\BaseConnection->query('UPDATE `foto` S...', Array, false)
#4 C:\xampp\htdocs\project_ukk\project\system\Model.php(395): CodeIgniter\Database\BaseBuilder->update()
#5 C:\xampp\htdocs\project_ukk\project\system\BaseModel.php(943): CodeIgniter\Model->doUpdate(NULL, Array)
#6 C:\xampp\htdocs\project_ukk\project\system\Model.php(754): CodeIgniter\BaseModel->update(NULL, Array)
#7 C:\xampp\htdocs\project_ukk\project\app\Controllers\AppController.php(188): CodeIgniter\Model->update()
#8 C:\xampp\htdocs\project_ukk\project\system\CodeIgniter.php(934): App\Controllers\AppController->proses_edit_foto()
#9 C:\xampp\htdocs\project_ukk\project\system\CodeIgniter.php(499): CodeIgniter\CodeIgniter->runController(Object(App\Controllers\AppController))
#10 C:\xampp\htdocs\project_ukk\project\system\CodeIgniter.php(368): CodeIgniter\CodeIgniter->handleRequest(NULL, Object(Config\Cache), false)
#11 C:\xampp\htdocs\project_ukk\project\index.php(67): CodeIgniter\CodeIgniter->run()
#12 {main}
CRITICAL - 2024-01-19 09:54:47 --> Cannot add or update a child row: a foreign key constraint fails (`fotogaleri`.`foto`, CONSTRAINT `foto_ibfk_1` FOREIGN KEY (`user_id`) REFERENCES `user` (`user_id`) ON DELETE CASCADE ON UPDATE CASCADE)
in SYSTEMPATH\Database\BaseConnection.php on line 645.
 1 SYSTEMPATH\Database\BaseBuilder.php(2461): CodeIgniter\Database\BaseConnection->query('UPDATE `foto` SET `judul_foto` = :judul_foto:, `deskripsi_foto` = :deskripsi_foto:, `tanggal_unggah` = :tanggal_unggah:, `album_id` = :album_id:, `user_id` = :user_id:
WHERE `foto_id` = :foto_id:', [...], false)
 2 SYSTEMPATH\Model.php(395): CodeIgniter\Database\BaseBuilder->update()
 3 SYSTEMPATH\BaseModel.php(943): CodeIgniter\Model->doUpdate(null, [...])
 4 SYSTEMPATH\Model.php(754): CodeIgniter\BaseModel->update(null, [...])
 5 APPPATH\Controllers\AppController.php(188): CodeIgniter\Model->update()
 6 SYSTEMPATH\CodeIgniter.php(934): App\Controllers\AppController->proses_edit_foto()
 7 SYSTEMPATH\CodeIgniter.php(499): CodeIgniter\CodeIgniter->runController(Object(App\Controllers\AppController))
 8 SYSTEMPATH\CodeIgniter.php(368): CodeIgniter\CodeIgniter->handleRequest(null, Object(Config\Cache), false)
 9 FCPATH\index.php(67): CodeIgniter\CodeIgniter->run()
INFO - 2024-01-19 09:54:50 --> Session: Class initialized using 'CodeIgniter\Session\Handlers\FileHandler' driver.
INFO - 2024-01-19 09:54:52 --> Session: Class initialized using 'CodeIgniter\Session\Handlers\FileHandler' driver.
INFO - 2024-01-19 09:54:54 --> Session: Class initialized using 'CodeIgniter\Session\Handlers\FileHandler' driver.
INFO - 2024-01-19 09:54:56 --> Session: Class initialized using 'CodeIgniter\Session\Handlers\FileHandler' driver.
INFO - 2024-01-19 09:55:01 --> Session: Class initialized using 'CodeIgniter\Session\Handlers\FileHandler' driver.
ERROR - 2024-01-19 09:55:01 --> mysqli_sql_exception: Cannot add or update a child row: a foreign key constraint fails (`fotogaleri`.`foto`, CONSTRAINT `foto_ibfk_1` FOREIGN KEY (`user_id`) REFERENCES `user` (`user_id`) ON DELETE CASCADE ON UPDATE CASCADE) in C:\xampp\htdocs\project_ukk\project\system\Database\MySQLi\Connection.php:295
Stack trace:
#0 C:\xampp\htdocs\project_ukk\project\system\Database\MySQLi\Connection.php(295): mysqli->query('UPDATE `foto` S...', 0)
#1 C:\xampp\htdocs\project_ukk\project\system\Database\BaseConnection.php(691): CodeIgniter\Database\MySQLi\Connection->execute('UPDATE `foto` S...')
#2 C:\xampp\htdocs\project_ukk\project\system\Database\BaseConnection.php(605): CodeIgniter\Database\BaseConnection->simpleQuery('UPDATE `foto` S...')
#3 C:\xampp\htdocs\project_ukk\project\system\Database\BaseBuilder.php(2461): CodeIgniter\Database\BaseConnection->query('UPDATE `foto` S...', Array, false)
#4 C:\xampp\htdocs\project_ukk\project\system\Model.php(395): CodeIgniter\Database\BaseBuilder->update()
#5 C:\xampp\htdocs\project_ukk\project\system\BaseModel.php(943): CodeIgniter\Model->doUpdate(NULL, Array)
#6 C:\xampp\htdocs\project_ukk\project\system\Model.php(754): CodeIgniter\BaseModel->update(NULL, Array)
#7 C:\xampp\htdocs\project_ukk\project\app\Controllers\AppController.php(188): CodeIgniter\Model->update()
#8 C:\xampp\htdocs\project_ukk\project\system\CodeIgniter.php(934): App\Controllers\AppController->proses_edit_foto()
#9 C:\xampp\htdocs\project_ukk\project\system\CodeIgniter.php(499): CodeIgniter\CodeIgniter->runController(Object(App\Controllers\AppController))
#10 C:\xampp\htdocs\project_ukk\project\system\CodeIgniter.php(368): CodeIgniter\CodeIgniter->handleRequest(NULL, Object(Config\Cache), false)
#11 C:\xampp\htdocs\project_ukk\project\index.php(67): CodeIgniter\CodeIgniter->run()
#12 {main}
CRITICAL - 2024-01-19 09:55:01 --> Cannot add or update a child row: a foreign key constraint fails (`fotogaleri`.`foto`, CONSTRAINT `foto_ibfk_1` FOREIGN KEY (`user_id`) REFERENCES `user` (`user_id`) ON DELETE CASCADE ON UPDATE CASCADE)
in SYSTEMPATH\Database\BaseConnection.php on line 645.
 1 SYSTEMPATH\Database\BaseBuilder.php(2461): CodeIgniter\Database\BaseConnection->query('UPDATE `foto` SET `judul_foto` = :judul_foto:, `deskripsi_foto` = :deskripsi_foto:, `tanggal_unggah` = :tanggal_unggah:, `album_id` = :album_id:, `user_id` = :user_id:
WHERE `foto_id` = :foto_id:', [...], false)
 2 SYSTEMPATH\Model.php(395): CodeIgniter\Database\BaseBuilder->update()
 3 SYSTEMPATH\BaseModel.php(943): CodeIgniter\Model->doUpdate(null, [...])
 4 SYSTEMPATH\Model.php(754): CodeIgniter\BaseModel->update(null, [...])
 5 APPPATH\Controllers\AppController.php(188): CodeIgniter\Model->update()
 6 SYSTEMPATH\CodeIgniter.php(934): App\Controllers\AppController->proses_edit_foto()
 7 SYSTEMPATH\CodeIgniter.php(499): CodeIgniter\CodeIgniter->runController(Object(App\Controllers\AppController))
 8 SYSTEMPATH\CodeIgniter.php(368): CodeIgniter\CodeIgniter->handleRequest(null, Object(Config\Cache), false)
 9 FCPATH\index.php(67): CodeIgniter\CodeIgniter->run()
INFO - 2024-01-19 09:55:18 --> Session: Class initialized using 'CodeIgniter\Session\Handlers\FileHandler' driver.
INFO - 2024-01-19 09:55:19 --> Session: Class initialized using 'CodeIgniter\Session\Handlers\FileHandler' driver.
INFO - 2024-01-19 09:55:21 --> Session: Class initialized using 'CodeIgniter\Session\Handlers\FileHandler' driver.
INFO - 2024-01-19 09:55:24 --> Session: Class initialized using 'CodeIgniter\Session\Handlers\FileHandler' driver.
INFO - 2024-01-19 09:55:52 --> Session: Class initialized using 'CodeIgniter\Session\Handlers\FileHandler' driver.
INFO - 2024-01-19 09:55:54 --> Session: Class initialized using 'CodeIgniter\Session\Handlers\FileHandler' driver.
INFO - 2024-01-19 09:55:58 --> Session: Class initialized using 'CodeIgniter\Session\Handlers\FileHandler' driver.
INFO - 2024-01-19 09:58:18 --> Session: Class initialized using 'CodeIgniter\Session\Handlers\FileHandler' driver.
INFO - 2024-01-19 09:58:19 --> Session: Class initialized using 'CodeIgniter\Session\Handlers\FileHandler' driver.
INFO - 2024-01-19 09:58:20 --> Session: Class initialized using 'CodeIgniter\Session\Handlers\FileHandler' driver.
INFO - 2024-01-19 13:44:01 --> Session: Class initialized using 'CodeIgniter\Session\Handlers\FileHandler' driver.
INFO - 2024-01-19 13:44:01 --> Session: Class initialized using 'CodeIgniter\Session\Handlers\FileHandler' driver.
INFO - 2024-01-19 13:44:17 --> Session: Class initialized using 'CodeIgniter\Session\Handlers\FileHandler' driver.
INFO - 2024-01-19 13:44:18 --> Session: Class initialized using 'CodeIgniter\Session\Handlers\FileHandler' driver.
INFO - 2024-01-19 13:45:53 --> Session: Class initialized using 'CodeIgniter\Session\Handlers\FileHandler' driver.
INFO - 2024-01-19 13:45:58 --> Session: Class initialized using 'CodeIgniter\Session\Handlers\FileHandler' driver.
INFO - 2024-01-19 13:47:04 --> Session: Class initialized using 'CodeIgniter\Session\Handlers\FileHandler' driver.
INFO - 2024-01-19 13:47:10 --> Session: Class initialized using 'CodeIgniter\Session\Handlers\FileHandler' driver.
INFO - 2024-01-19 13:48:38 --> Session: Class initialized using 'CodeIgniter\Session\Handlers\FileHandler' driver.
INFO - 2024-01-19 13:48:53 --> Session: Class initialized using 'CodeIgniter\Session\Handlers\FileHandler' driver.
INFO - 2024-01-19 13:50:14 --> Session: Class initialized using 'CodeIgniter\Session\Handlers\FileHandler' driver.
INFO - 2024-01-19 13:51:16 --> Session: Class initialized using 'CodeIgniter\Session\Handlers\FileHandler' driver.
CRITICAL - 2024-01-19 13:51:16 --> Undefined variable $row
in APPPATH\Views\tambah_foto.php on line 15.
 1 APPPATH\Views\tambah_foto.php(15): CodeIgniter\Debug\Exceptions->errorHandler(2, 'Undefined variable $row', 'APPPATH\\Views\\tambah_foto.php', 15)
 2 SYSTEMPATH\View\View.php(213): include('APPPATH\\Views\\tambah_foto.php')
 3 SYSTEMPATH\View\View.php(216): CodeIgniter\View\View->CodeIgniter\View\{closure}()
 4 SYSTEMPATH\Common.php(1177): CodeIgniter\View\View->render('tambah_foto', [], true)
 5 APPPATH\Controllers\AppController.php(59): view('tambah_foto', [...])
 6 SYSTEMPATH\CodeIgniter.php(934): App\Controllers\AppController->tambah_foto()
 7 SYSTEMPATH\CodeIgniter.php(499): CodeIgniter\CodeIgniter->runController(Object(App\Controllers\AppController))
 8 SYSTEMPATH\CodeIgniter.php(368): CodeIgniter\CodeIgniter->handleRequest(null, Object(Config\Cache), false)
 9 FCPATH\index.php(67): CodeIgniter\CodeIgniter->run()
INFO - 2024-01-19 13:51:26 --> Session: Class initialized using 'CodeIgniter\Session\Handlers\FileHandler' driver.
CRITICAL - 2024-01-19 13:51:26 --> Undefined variable $foto
in APPPATH\Views\tambah_foto.php on line 15.
 1 APPPATH\Views\tambah_foto.php(15): CodeIgniter\Debug\Exceptions->errorHandler(2, 'Undefined variable $foto', 'APPPATH\\Views\\tambah_foto.php', 15)
 2 SYSTEMPATH\View\View.php(213): include('APPPATH\\Views\\tambah_foto.php')
 3 SYSTEMPATH\View\View.php(216): CodeIgniter\View\View->CodeIgniter\View\{closure}()
 4 SYSTEMPATH\Common.php(1177): CodeIgniter\View\View->render('tambah_foto', [], true)
 5 APPPATH\Controllers\AppController.php(59): view('tambah_foto', [...])
 6 SYSTEMPATH\CodeIgniter.php(934): App\Controllers\AppController->tambah_foto()
 7 SYSTEMPATH\CodeIgniter.php(499): CodeIgniter\CodeIgniter->runController(Object(App\Controllers\AppController))
 8 SYSTEMPATH\CodeIgniter.php(368): CodeIgniter\CodeIgniter->handleRequest(null, Object(Config\Cache), false)
 9 FCPATH\index.php(67): CodeIgniter\CodeIgniter->run()
INFO - 2024-01-19 13:51:42 --> Session: Class initialized using 'CodeIgniter\Session\Handlers\FileHandler' driver.
