INFO - 2024-02-19 09:36:54 --> Session: Class initialized using 'CodeIgniter\Session\Handlers\FileHandler' driver.
INFO - 2024-02-19 09:36:54 --> Session: Class initialized using 'CodeIgniter\Session\Handlers\FileHandler' driver.
INFO - 2024-02-19 09:37:00 --> Session: Class initialized using 'CodeIgniter\Session\Handlers\FileHandler' driver.
INFO - 2024-02-19 09:37:00 --> Session: Class initialized using 'CodeIgniter\Session\Handlers\FileHandler' driver.
INFO - 2024-02-19 09:37:03 --> Session: Class initialized using 'CodeIgniter\Session\Handlers\FileHandler' driver.
INFO - 2024-02-19 09:37:06 --> Session: Class initialized using 'CodeIgniter\Session\Handlers\FileHandler' driver.
INFO - 2024-02-19 09:37:09 --> Session: Class initialized using 'CodeIgniter\Session\Handlers\FileHandler' driver.
INFO - 2024-02-19 09:37:14 --> Session: Class initialized using 'CodeIgniter\Session\Handlers\FileHandler' driver.
INFO - 2024-02-19 09:37:27 --> Session: Class initialized using 'CodeIgniter\Session\Handlers\FileHandler' driver.
INFO - 2024-02-19 09:40:17 --> Session: Class initialized using 'CodeIgniter\Session\Handlers\FileHandler' driver.
INFO - 2024-02-19 09:43:02 --> Session: Class initialized using 'CodeIgniter\Session\Handlers\FileHandler' driver.
INFO - 2024-02-19 09:44:10 --> Session: Class initialized using 'CodeIgniter\Session\Handlers\FileHandler' driver.
INFO - 2024-02-19 09:44:30 --> Session: Class initialized using 'CodeIgniter\Session\Handlers\FileHandler' driver.
INFO - 2024-02-19 09:44:34 --> Session: Class initialized using 'CodeIgniter\Session\Handlers\FileHandler' driver.
INFO - 2024-02-19 09:44:37 --> Session: Class initialized using 'CodeIgniter\Session\Handlers\FileHandler' driver.
INFO - 2024-02-19 09:48:51 --> Session: Class initialized using 'CodeIgniter\Session\Handlers\FileHandler' driver.
INFO - 2024-02-19 09:49:07 --> Session: Class initialized using 'CodeIgniter\Session\Handlers\FileHandler' driver.
INFO - 2024-02-19 09:49:07 --> Session: Class initialized using 'CodeIgniter\Session\Handlers\FileHandler' driver.
INFO - 2024-02-19 09:49:11 --> Session: Class initialized using 'CodeIgniter\Session\Handlers\FileHandler' driver.
INFO - 2024-02-19 09:49:14 --> Session: Class initialized using 'CodeIgniter\Session\Handlers\FileHandler' driver.
INFO - 2024-02-19 09:49:38 --> Session: Class initialized using 'CodeIgniter\Session\Handlers\FileHandler' driver.
INFO - 2024-02-19 09:49:38 --> Session: Class initialized using 'CodeIgniter\Session\Handlers\FileHandler' driver.
INFO - 2024-02-19 09:49:44 --> Session: Class initialized using 'CodeIgniter\Session\Handlers\FileHandler' driver.
INFO - 2024-02-19 09:49:55 --> Session: Class initialized using 'CodeIgniter\Session\Handlers\FileHandler' driver.
INFO - 2024-02-19 09:49:58 --> Session: Class initialized using 'CodeIgniter\Session\Handlers\FileHandler' driver.
INFO - 2024-02-19 09:50:01 --> Session: Class initialized using 'CodeIgniter\Session\Handlers\FileHandler' driver.
INFO - 2024-02-19 09:50:01 --> Session: Class initialized using 'CodeIgniter\Session\Handlers\FileHandler' driver.
INFO - 2024-02-19 09:50:03 --> Session: Class initialized using 'CodeIgniter\Session\Handlers\FileHandler' driver.
INFO - 2024-02-19 09:50:03 --> Session: Class initialized using 'CodeIgniter\Session\Handlers\FileHandler' driver.
INFO - 2024-02-19 09:50:05 --> Session: Class initialized using 'CodeIgniter\Session\Handlers\FileHandler' driver.
INFO - 2024-02-19 09:50:07 --> Session: Class initialized using 'CodeIgniter\Session\Handlers\FileHandler' driver.
INFO - 2024-02-19 09:50:13 --> Session: Class initialized using 'CodeIgniter\Session\Handlers\FileHandler' driver.
INFO - 2024-02-19 09:50:13 --> Session: Class initialized using 'CodeIgniter\Session\Handlers\FileHandler' driver.
INFO - 2024-02-19 09:50:17 --> Session: Class initialized using 'CodeIgniter\Session\Handlers\FileHandler' driver.
INFO - 2024-02-19 09:50:25 --> Session: Class initialized using 'CodeIgniter\Session\Handlers\FileHandler' driver.
INFO - 2024-02-19 09:50:25 --> Session: Class initialized using 'CodeIgniter\Session\Handlers\FileHandler' driver.
INFO - 2024-02-19 09:50:58 --> Session: Class initialized using 'CodeIgniter\Session\Handlers\FileHandler' driver.
INFO - 2024-02-19 09:54:42 --> Session: Class initialized using 'CodeIgniter\Session\Handlers\FileHandler' driver.
INFO - 2024-02-19 09:54:45 --> Session: Class initialized using 'CodeIgniter\Session\Handlers\FileHandler' driver.
INFO - 2024-02-19 09:54:59 --> Session: Class initialized using 'CodeIgniter\Session\Handlers\FileHandler' driver.
INFO - 2024-02-19 10:00:04 --> Session: Class initialized using 'CodeIgniter\Session\Handlers\FileHandler' driver.
INFO - 2024-02-19 10:12:25 --> Session: Class initialized using 'CodeIgniter\Session\Handlers\FileHandler' driver.
INFO - 2024-02-19 10:12:44 --> Session: Class initialized using 'CodeIgniter\Session\Handlers\FileHandler' driver.
INFO - 2024-02-19 10:13:57 --> Session: Class initialized using 'CodeIgniter\Session\Handlers\FileHandler' driver.
INFO - 2024-02-19 10:14:01 --> Session: Class initialized using 'CodeIgniter\Session\Handlers\FileHandler' driver.
INFO - 2024-02-19 10:14:04 --> Session: Class initialized using 'CodeIgniter\Session\Handlers\FileHandler' driver.
INFO - 2024-02-19 10:14:07 --> Session: Class initialized using 'CodeIgniter\Session\Handlers\FileHandler' driver.
INFO - 2024-02-19 10:14:08 --> Session: Class initialized using 'CodeIgniter\Session\Handlers\FileHandler' driver.
INFO - 2024-02-19 10:14:10 --> Session: Class initialized using 'CodeIgniter\Session\Handlers\FileHandler' driver.
INFO - 2024-02-19 10:19:25 --> Session: Class initialized using 'CodeIgniter\Session\Handlers\FileHandler' driver.
INFO - 2024-02-19 10:22:37 --> Session: Class initialized using 'CodeIgniter\Session\Handlers\FileHandler' driver.
CRITICAL - 2024-02-19 10:22:37 --> Undefined variable $rows1
in APPPATH\Views\home.php on line 32.
 1 APPPATH\Views\home.php(32): CodeIgniter\Debug\Exceptions->errorHandler(2, 'Undefined variable $rows1', 'APPPATH\\Views\\home.php', 32)
 2 SYSTEMPATH\View\View.php(213): include('APPPATH\\Views\\home.php')
 3 SYSTEMPATH\View\View.php(216): CodeIgniter\View\View->CodeIgniter\View\{closure}()
 4 SYSTEMPATH\Common.php(1177): CodeIgniter\View\View->render('home', [], true)
 5 APPPATH\Controllers\AppController.php(50): view('home', [...])
 6 SYSTEMPATH\CodeIgniter.php(934): App\Controllers\AppController->home()
 7 SYSTEMPATH\CodeIgniter.php(499): CodeIgniter\CodeIgniter->runController(Object(App\Controllers\AppController))
 8 SYSTEMPATH\CodeIgniter.php(368): CodeIgniter\CodeIgniter->handleRequest(null, Object(Config\Cache), false)
 9 FCPATH\index.php(67): CodeIgniter\CodeIgniter->run()
INFO - 2024-02-19 10:22:41 --> Session: Class initialized using 'CodeIgniter\Session\Handlers\FileHandler' driver.
INFO - 2024-02-19 10:22:43 --> Session: Class initialized using 'CodeIgniter\Session\Handlers\FileHandler' driver.
CRITICAL - 2024-02-19 10:22:43 --> Undefined variable $rows1
in APPPATH\Views\home.php on line 32.
 1 APPPATH\Views\home.php(32): CodeIgniter\Debug\Exceptions->errorHandler(2, 'Undefined variable $rows1', 'APPPATH\\Views\\home.php', 32)
 2 SYSTEMPATH\View\View.php(213): include('APPPATH\\Views\\home.php')
 3 SYSTEMPATH\View\View.php(216): CodeIgniter\View\View->CodeIgniter\View\{closure}()
 4 SYSTEMPATH\Common.php(1177): CodeIgniter\View\View->render('home', [], true)
 5 APPPATH\Controllers\AppController.php(50): view('home', [...])
 6 SYSTEMPATH\CodeIgniter.php(934): App\Controllers\AppController->home()
 7 SYSTEMPATH\CodeIgniter.php(499): CodeIgniter\CodeIgniter->runController(Object(App\Controllers\AppController))
 8 SYSTEMPATH\CodeIgniter.php(368): CodeIgniter\CodeIgniter->handleRequest(null, Object(Config\Cache), false)
 9 FCPATH\index.php(67): CodeIgniter\CodeIgniter->run()
INFO - 2024-02-19 10:24:33 --> Session: Class initialized using 'CodeIgniter\Session\Handlers\FileHandler' driver.
INFO - 2024-02-19 10:25:58 --> Session: Class initialized using 'CodeIgniter\Session\Handlers\FileHandler' driver.
INFO - 2024-02-19 10:26:11 --> Session: Class initialized using 'CodeIgniter\Session\Handlers\FileHandler' driver.
INFO - 2024-02-19 10:26:14 --> Session: Class initialized using 'CodeIgniter\Session\Handlers\FileHandler' driver.
INFO - 2024-02-19 10:26:20 --> Session: Class initialized using 'CodeIgniter\Session\Handlers\FileHandler' driver.
INFO - 2024-02-19 10:30:30 --> Session: Class initialized using 'CodeIgniter\Session\Handlers\FileHandler' driver.
INFO - 2024-02-19 10:31:48 --> Session: Class initialized using 'CodeIgniter\Session\Handlers\FileHandler' driver.
INFO - 2024-02-19 10:33:04 --> Session: Class initialized using 'CodeIgniter\Session\Handlers\FileHandler' driver.
INFO - 2024-02-19 10:35:07 --> Session: Class initialized using 'CodeIgniter\Session\Handlers\FileHandler' driver.
INFO - 2024-02-19 10:35:25 --> Session: Class initialized using 'CodeIgniter\Session\Handlers\FileHandler' driver.
INFO - 2024-02-19 10:35:25 --> Session: Class initialized using 'CodeIgniter\Session\Handlers\FileHandler' driver.
INFO - 2024-02-19 10:35:51 --> Session: Class initialized using 'CodeIgniter\Session\Handlers\FileHandler' driver.
INFO - 2024-02-19 10:36:03 --> Session: Class initialized using 'CodeIgniter\Session\Handlers\FileHandler' driver.
INFO - 2024-02-19 10:36:06 --> Session: Class initialized using 'CodeIgniter\Session\Handlers\FileHandler' driver.
INFO - 2024-02-19 10:37:24 --> Session: Class initialized using 'CodeIgniter\Session\Handlers\FileHandler' driver.
INFO - 2024-02-19 10:44:44 --> Session: Class initialized using 'CodeIgniter\Session\Handlers\FileHandler' driver.
INFO - 2024-02-19 10:47:53 --> Session: Class initialized using 'CodeIgniter\Session\Handlers\FileHandler' driver.
INFO - 2024-02-19 10:49:30 --> Session: Class initialized using 'CodeIgniter\Session\Handlers\FileHandler' driver.
INFO - 2024-02-19 10:50:11 --> Session: Class initialized using 'CodeIgniter\Session\Handlers\FileHandler' driver.
INFO - 2024-02-19 10:50:13 --> Session: Class initialized using 'CodeIgniter\Session\Handlers\FileHandler' driver.
CRITICAL - 2024-02-19 10:50:13 --> Too few arguments to function App\Controllers\AppController::home(), 0 passed in C:\xampp\htdocs\project_ukk\project\system\CodeIgniter.php on line 934 and exactly 1 expected
in APPPATH\Controllers\AppController.php on line 34.
 1 SYSTEMPATH\CodeIgniter.php(934): App\Controllers\AppController->home()
 2 SYSTEMPATH\CodeIgniter.php(499): CodeIgniter\CodeIgniter->runController(Object(App\Controllers\AppController))
 3 SYSTEMPATH\CodeIgniter.php(368): CodeIgniter\CodeIgniter->handleRequest(null, Object(Config\Cache), false)
 4 FCPATH\index.php(67): CodeIgniter\CodeIgniter->run()
INFO - 2024-02-19 10:51:27 --> Session: Class initialized using 'CodeIgniter\Session\Handlers\FileHandler' driver.
INFO - 2024-02-19 10:53:01 --> Session: Class initialized using 'CodeIgniter\Session\Handlers\FileHandler' driver.
INFO - 2024-02-19 10:53:08 --> Session: Class initialized using 'CodeIgniter\Session\Handlers\FileHandler' driver.
INFO - 2024-02-19 10:53:12 --> Session: Class initialized using 'CodeIgniter\Session\Handlers\FileHandler' driver.
INFO - 2024-02-19 10:53:15 --> Session: Class initialized using 'CodeIgniter\Session\Handlers\FileHandler' driver.
INFO - 2024-02-19 10:53:18 --> Session: Class initialized using 'CodeIgniter\Session\Handlers\FileHandler' driver.
INFO - 2024-02-19 10:53:21 --> Session: Class initialized using 'CodeIgniter\Session\Handlers\FileHandler' driver.
INFO - 2024-02-19 10:53:24 --> Session: Class initialized using 'CodeIgniter\Session\Handlers\FileHandler' driver.
INFO - 2024-02-19 10:53:26 --> Session: Class initialized using 'CodeIgniter\Session\Handlers\FileHandler' driver.
INFO - 2024-02-19 10:53:29 --> Session: Class initialized using 'CodeIgniter\Session\Handlers\FileHandler' driver.
INFO - 2024-02-19 10:53:33 --> Session: Class initialized using 'CodeIgniter\Session\Handlers\FileHandler' driver.
INFO - 2024-02-19 10:53:36 --> Session: Class initialized using 'CodeIgniter\Session\Handlers\FileHandler' driver.
INFO - 2024-02-19 10:55:30 --> Session: Class initialized using 'CodeIgniter\Session\Handlers\FileHandler' driver.
INFO - 2024-02-19 10:55:35 --> Session: Class initialized using 'CodeIgniter\Session\Handlers\FileHandler' driver.
INFO - 2024-02-19 11:10:37 --> Session: Class initialized using 'CodeIgniter\Session\Handlers\FileHandler' driver.
INFO - 2024-02-19 11:16:48 --> Session: Class initialized using 'CodeIgniter\Session\Handlers\FileHandler' driver.
INFO - 2024-02-19 11:33:19 --> Session: Class initialized using 'CodeIgniter\Session\Handlers\FileHandler' driver.
INFO - 2024-02-19 11:33:21 --> Session: Class initialized using 'CodeIgniter\Session\Handlers\FileHandler' driver.
INFO - 2024-02-19 11:33:27 --> Session: Class initialized using 'CodeIgniter\Session\Handlers\FileHandler' driver.
INFO - 2024-02-19 11:33:31 --> Session: Class initialized using 'CodeIgniter\Session\Handlers\FileHandler' driver.
INFO - 2024-02-19 11:33:35 --> Session: Class initialized using 'CodeIgniter\Session\Handlers\FileHandler' driver.
INFO - 2024-02-19 11:44:02 --> Session: Class initialized using 'CodeIgniter\Session\Handlers\FileHandler' driver.
INFO - 2024-02-19 11:44:08 --> Session: Class initialized using 'CodeIgniter\Session\Handlers\FileHandler' driver.
CRITICAL - 2024-02-19 11:44:08 --> syntax error, unexpected token "<"
in APPPATH\Views\home.php on line 40.
 1 SYSTEMPATH\View\View.php(216): CodeIgniter\View\View->CodeIgniter\View\{closure}()
 2 SYSTEMPATH\Common.php(1177): CodeIgniter\View\View->render('home', [], true)
 3 APPPATH\Controllers\AppController.php(55): view('home', [...])
 4 SYSTEMPATH\CodeIgniter.php(934): App\Controllers\AppController->home()
 5 SYSTEMPATH\CodeIgniter.php(499): CodeIgniter\CodeIgniter->runController(Object(App\Controllers\AppController))
 6 SYSTEMPATH\CodeIgniter.php(368): CodeIgniter\CodeIgniter->handleRequest(null, Object(Config\Cache), false)
 7 FCPATH\index.php(67): CodeIgniter\CodeIgniter->run()
INFO - 2024-02-19 11:44:13 --> Session: Class initialized using 'CodeIgniter\Session\Handlers\FileHandler' driver.
INFO - 2024-02-19 11:44:30 --> Session: Class initialized using 'CodeIgniter\Session\Handlers\FileHandler' driver.
INFO - 2024-02-19 11:45:11 --> Session: Class initialized using 'CodeIgniter\Session\Handlers\FileHandler' driver.
CRITICAL - 2024-02-19 11:45:11 --> Undefined variable $foto
in APPPATH\Views\template.php on line 40.
 1 APPPATH\Views\template.php(40): CodeIgniter\Debug\Exceptions->errorHandler(2, 'Undefined variable $foto', 'APPPATH\\Views\\template.php', 40)
 2 SYSTEMPATH\View\View.php(213): include('APPPATH\\Views\\template.php')
 3 SYSTEMPATH\View\View.php(216): CodeIgniter\View\View->CodeIgniter\View\{closure}()
 4 SYSTEMPATH\View\View.php(229): CodeIgniter\View\View->render('template', [], true)
 5 SYSTEMPATH\Common.php(1177): CodeIgniter\View\View->render('home', [], true)
 6 APPPATH\Controllers\AppController.php(55): view('home', [...])
 7 SYSTEMPATH\CodeIgniter.php(934): App\Controllers\AppController->home()
 8 SYSTEMPATH\CodeIgniter.php(499): CodeIgniter\CodeIgniter->runController(Object(App\Controllers\AppController))
 9 SYSTEMPATH\CodeIgniter.php(368): CodeIgniter\CodeIgniter->handleRequest(null, Object(Config\Cache), false)
10 FCPATH\index.php(67): CodeIgniter\CodeIgniter->run()
INFO - 2024-02-19 11:45:25 --> Session: Class initialized using 'CodeIgniter\Session\Handlers\FileHandler' driver.
CRITICAL - 2024-02-19 11:45:25 --> Undefined variable $foto
in APPPATH\Views\template.php on line 40.
 1 APPPATH\Views\template.php(40): CodeIgniter\Debug\Exceptions->errorHandler(2, 'Undefined variable $foto', 'APPPATH\\Views\\template.php', 40)
 2 SYSTEMPATH\View\View.php(213): include('APPPATH\\Views\\template.php')
 3 SYSTEMPATH\View\View.php(216): CodeIgniter\View\View->CodeIgniter\View\{closure}()
 4 SYSTEMPATH\View\View.php(229): CodeIgniter\View\View->render('template', [], true)
 5 SYSTEMPATH\Common.php(1177): CodeIgniter\View\View->render('home', [], true)
 6 APPPATH\Controllers\AppController.php(55): view('home', [...])
 7 SYSTEMPATH\CodeIgniter.php(934): App\Controllers\AppController->home()
 8 SYSTEMPATH\CodeIgniter.php(499): CodeIgniter\CodeIgniter->runController(Object(App\Controllers\AppController))
 9 SYSTEMPATH\CodeIgniter.php(368): CodeIgniter\CodeIgniter->handleRequest(null, Object(Config\Cache), false)
10 FCPATH\index.php(67): CodeIgniter\CodeIgniter->run()
INFO - 2024-02-19 11:45:31 --> Session: Class initialized using 'CodeIgniter\Session\Handlers\FileHandler' driver.
CRITICAL - 2024-02-19 11:45:31 --> Undefined variable $foto
in APPPATH\Views\template.php on line 40.
 1 APPPATH\Views\template.php(40): CodeIgniter\Debug\Exceptions->errorHandler(2, 'Undefined variable $foto', 'APPPATH\\Views\\template.php', 40)
 2 SYSTEMPATH\View\View.php(213): include('APPPATH\\Views\\template.php')
 3 SYSTEMPATH\View\View.php(216): CodeIgniter\View\View->CodeIgniter\View\{closure}()
 4 SYSTEMPATH\View\View.php(229): CodeIgniter\View\View->render('template', [], true)
 5 SYSTEMPATH\Common.php(1177): CodeIgniter\View\View->render('home', [], true)
 6 APPPATH\Controllers\AppController.php(55): view('home', [...])
 7 SYSTEMPATH\CodeIgniter.php(934): App\Controllers\AppController->home()
 8 SYSTEMPATH\CodeIgniter.php(499): CodeIgniter\CodeIgniter->runController(Object(App\Controllers\AppController))
 9 SYSTEMPATH\CodeIgniter.php(368): CodeIgniter\CodeIgniter->handleRequest(null, Object(Config\Cache), false)
10 FCPATH\index.php(67): CodeIgniter\CodeIgniter->run()
INFO - 2024-02-19 11:45:32 --> Session: Class initialized using 'CodeIgniter\Session\Handlers\FileHandler' driver.
CRITICAL - 2024-02-19 11:45:32 --> Undefined variable $foto
in APPPATH\Views\template.php on line 40.
 1 APPPATH\Views\template.php(40): CodeIgniter\Debug\Exceptions->errorHandler(2, 'Undefined variable $foto', 'APPPATH\\Views\\template.php', 40)
 2 SYSTEMPATH\View\View.php(213): include('APPPATH\\Views\\template.php')
 3 SYSTEMPATH\View\View.php(216): CodeIgniter\View\View->CodeIgniter\View\{closure}()
 4 SYSTEMPATH\View\View.php(229): CodeIgniter\View\View->render('template', [], true)
 5 SYSTEMPATH\Common.php(1177): CodeIgniter\View\View->render('home', [], true)
 6 APPPATH\Controllers\AppController.php(72): view('home', [...])
 7 SYSTEMPATH\CodeIgniter.php(934): App\Controllers\AppController->home2('5')
 8 SYSTEMPATH\CodeIgniter.php(499): CodeIgniter\CodeIgniter->runController(Object(App\Controllers\AppController))
 9 SYSTEMPATH\CodeIgniter.php(368): CodeIgniter\CodeIgniter->handleRequest(null, Object(Config\Cache), false)
10 FCPATH\index.php(67): CodeIgniter\CodeIgniter->run()
INFO - 2024-02-19 11:45:33 --> Session: Class initialized using 'CodeIgniter\Session\Handlers\FileHandler' driver.
CRITICAL - 2024-02-19 11:45:33 --> Undefined variable $foto
in APPPATH\Views\template.php on line 40.
 1 APPPATH\Views\template.php(40): CodeIgniter\Debug\Exceptions->errorHandler(2, 'Undefined variable $foto', 'APPPATH\\Views\\template.php', 40)
 2 SYSTEMPATH\View\View.php(213): include('APPPATH\\Views\\template.php')
 3 SYSTEMPATH\View\View.php(216): CodeIgniter\View\View->CodeIgniter\View\{closure}()
 4 SYSTEMPATH\View\View.php(229): CodeIgniter\View\View->render('template', [], true)
 5 SYSTEMPATH\Common.php(1177): CodeIgniter\View\View->render('home', [], true)
 6 APPPATH\Controllers\AppController.php(72): view('home', [...])
 7 SYSTEMPATH\CodeIgniter.php(934): App\Controllers\AppController->home2('4')
 8 SYSTEMPATH\CodeIgniter.php(499): CodeIgniter\CodeIgniter->runController(Object(App\Controllers\AppController))
 9 SYSTEMPATH\CodeIgniter.php(368): CodeIgniter\CodeIgniter->handleRequest(null, Object(Config\Cache), false)
10 FCPATH\index.php(67): CodeIgniter\CodeIgniter->run()
INFO - 2024-02-19 11:45:34 --> Session: Class initialized using 'CodeIgniter\Session\Handlers\FileHandler' driver.
CRITICAL - 2024-02-19 11:45:34 --> Undefined variable $foto
in APPPATH\Views\template.php on line 40.
 1 APPPATH\Views\template.php(40): CodeIgniter\Debug\Exceptions->errorHandler(2, 'Undefined variable $foto', 'APPPATH\\Views\\template.php', 40)
 2 SYSTEMPATH\View\View.php(213): include('APPPATH\\Views\\template.php')
 3 SYSTEMPATH\View\View.php(216): CodeIgniter\View\View->CodeIgniter\View\{closure}()
 4 SYSTEMPATH\View\View.php(229): CodeIgniter\View\View->render('template', [], true)
 5 SYSTEMPATH\Common.php(1177): CodeIgniter\View\View->render('home', [], true)
 6 APPPATH\Controllers\AppController.php(72): view('home', [...])
 7 SYSTEMPATH\CodeIgniter.php(934): App\Controllers\AppController->home2('5')
 8 SYSTEMPATH\CodeIgniter.php(499): CodeIgniter\CodeIgniter->runController(Object(App\Controllers\AppController))
 9 SYSTEMPATH\CodeIgniter.php(368): CodeIgniter\CodeIgniter->handleRequest(null, Object(Config\Cache), false)
10 FCPATH\index.php(67): CodeIgniter\CodeIgniter->run()
INFO - 2024-02-19 11:45:50 --> Session: Class initialized using 'CodeIgniter\Session\Handlers\FileHandler' driver.
INFO - 2024-02-19 11:45:53 --> Session: Class initialized using 'CodeIgniter\Session\Handlers\FileHandler' driver.
INFO - 2024-02-19 11:46:23 --> Session: Class initialized using 'CodeIgniter\Session\Handlers\FileHandler' driver.
INFO - 2024-02-19 11:46:26 --> Session: Class initialized using 'CodeIgniter\Session\Handlers\FileHandler' driver.
INFO - 2024-02-19 11:46:27 --> Session: Class initialized using 'CodeIgniter\Session\Handlers\FileHandler' driver.
INFO - 2024-02-19 11:47:10 --> Session: Class initialized using 'CodeIgniter\Session\Handlers\FileHandler' driver.
INFO - 2024-02-19 11:47:35 --> Session: Class initialized using 'CodeIgniter\Session\Handlers\FileHandler' driver.
INFO - 2024-02-19 11:47:39 --> Session: Class initialized using 'CodeIgniter\Session\Handlers\FileHandler' driver.
INFO - 2024-02-19 11:47:40 --> Session: Class initialized using 'CodeIgniter\Session\Handlers\FileHandler' driver.
INFO - 2024-02-19 11:48:05 --> Session: Class initialized using 'CodeIgniter\Session\Handlers\FileHandler' driver.
INFO - 2024-02-19 11:50:16 --> Session: Class initialized using 'CodeIgniter\Session\Handlers\FileHandler' driver.
INFO - 2024-02-19 11:51:22 --> Session: Class initialized using 'CodeIgniter\Session\Handlers\FileHandler' driver.
INFO - 2024-02-19 11:52:02 --> Session: Class initialized using 'CodeIgniter\Session\Handlers\FileHandler' driver.
INFO - 2024-02-19 11:52:35 --> Session: Class initialized using 'CodeIgniter\Session\Handlers\FileHandler' driver.
INFO - 2024-02-19 12:38:17 --> Session: Class initialized using 'CodeIgniter\Session\Handlers\FileHandler' driver.
INFO - 2024-02-19 12:38:22 --> Session: Class initialized using 'CodeIgniter\Session\Handlers\FileHandler' driver.
INFO - 2024-02-19 12:38:30 --> Session: Class initialized using 'CodeIgniter\Session\Handlers\FileHandler' driver.
INFO - 2024-02-19 12:38:30 --> Session: Class initialized using 'CodeIgniter\Session\Handlers\FileHandler' driver.
INFO - 2024-02-19 12:38:39 --> Session: Class initialized using 'CodeIgniter\Session\Handlers\FileHandler' driver.
INFO - 2024-02-19 12:39:46 --> Session: Class initialized using 'CodeIgniter\Session\Handlers\FileHandler' driver.
INFO - 2024-02-19 12:39:56 --> Session: Class initialized using 'CodeIgniter\Session\Handlers\FileHandler' driver.
INFO - 2024-02-19 12:39:56 --> Session: Class initialized using 'CodeIgniter\Session\Handlers\FileHandler' driver.
INFO - 2024-02-19 12:40:01 --> Session: Class initialized using 'CodeIgniter\Session\Handlers\FileHandler' driver.
INFO - 2024-02-19 12:40:05 --> Session: Class initialized using 'CodeIgniter\Session\Handlers\FileHandler' driver.
INFO - 2024-02-19 12:40:09 --> Session: Class initialized using 'CodeIgniter\Session\Handlers\FileHandler' driver.
INFO - 2024-02-19 12:40:19 --> Session: Class initialized using 'CodeIgniter\Session\Handlers\FileHandler' driver.
INFO - 2024-02-19 12:40:19 --> Session: Class initialized using 'CodeIgniter\Session\Handlers\FileHandler' driver.
INFO - 2024-02-19 12:40:30 --> Session: Class initialized using 'CodeIgniter\Session\Handlers\FileHandler' driver.
INFO - 2024-02-19 12:40:37 --> Session: Class initialized using 'CodeIgniter\Session\Handlers\FileHandler' driver.
INFO - 2024-02-19 12:40:41 --> Session: Class initialized using 'CodeIgniter\Session\Handlers\FileHandler' driver.
INFO - 2024-02-19 12:41:29 --> Session: Class initialized using 'CodeIgniter\Session\Handlers\FileHandler' driver.
INFO - 2024-02-19 13:51:42 --> Session: Class initialized using 'CodeIgniter\Session\Handlers\FileHandler' driver.
CRITICAL - 2024-02-19 13:51:42 --> Undefined variable $username
in APPPATH\Views\template.php on line 40.
 1 APPPATH\Views\template.php(40): CodeIgniter\Debug\Exceptions->errorHandler(2, 'Undefined variable $username', 'APPPATH\\Views\\template.php', 40)
 2 SYSTEMPATH\View\View.php(213): include('APPPATH\\Views\\template.php')
 3 SYSTEMPATH\View\View.php(216): CodeIgniter\View\View->CodeIgniter\View\{closure}()
 4 SYSTEMPATH\View\View.php(229): CodeIgniter\View\View->render('template', [], true)
 5 SYSTEMPATH\Common.php(1177): CodeIgniter\View\View->render('home', [], true)
 6 APPPATH\Controllers\AppController.php(63): view('home', [...])
 7 SYSTEMPATH\CodeIgniter.php(934): App\Controllers\AppController->home()
 8 SYSTEMPATH\CodeIgniter.php(499): CodeIgniter\CodeIgniter->runController(Object(App\Controllers\AppController))
 9 SYSTEMPATH\CodeIgniter.php(368): CodeIgniter\CodeIgniter->handleRequest(null, Object(Config\Cache), false)
10 FCPATH\index.php(67): CodeIgniter\CodeIgniter->run()
INFO - 2024-02-19 13:51:57 --> Session: Class initialized using 'CodeIgniter\Session\Handlers\FileHandler' driver.
CRITICAL - 2024-02-19 13:51:57 --> Undefined variable $username
in APPPATH\Views\template.php on line 40.
 1 APPPATH\Views\template.php(40): CodeIgniter\Debug\Exceptions->errorHandler(2, 'Undefined variable $username', 'APPPATH\\Views\\template.php', 40)
 2 SYSTEMPATH\View\View.php(213): include('APPPATH\\Views\\template.php')
 3 SYSTEMPATH\View\View.php(216): CodeIgniter\View\View->CodeIgniter\View\{closure}()
 4 SYSTEMPATH\View\View.php(229): CodeIgniter\View\View->render('template', [], true)
 5 SYSTEMPATH\Common.php(1177): CodeIgniter\View\View->render('home', [], true)
 6 APPPATH\Controllers\AppController.php(63): view('home', [...])
 7 SYSTEMPATH\CodeIgniter.php(934): App\Controllers\AppController->home()
 8 SYSTEMPATH\CodeIgniter.php(499): CodeIgniter\CodeIgniter->runController(Object(App\Controllers\AppController))
 9 SYSTEMPATH\CodeIgniter.php(368): CodeIgniter\CodeIgniter->handleRequest(null, Object(Config\Cache), false)
10 FCPATH\index.php(67): CodeIgniter\CodeIgniter->run()
INFO - 2024-02-19 13:52:11 --> Session: Class initialized using 'CodeIgniter\Session\Handlers\FileHandler' driver.
CRITICAL - 2024-02-19 13:52:11 --> Undefined variable $username
in APPPATH\Views\template.php on line 40.
 1 APPPATH\Views\template.php(40): CodeIgniter\Debug\Exceptions->errorHandler(2, 'Undefined variable $username', 'APPPATH\\Views\\template.php', 40)
 2 SYSTEMPATH\View\View.php(213): include('APPPATH\\Views\\template.php')
 3 SYSTEMPATH\View\View.php(216): CodeIgniter\View\View->CodeIgniter\View\{closure}()
 4 SYSTEMPATH\View\View.php(229): CodeIgniter\View\View->render('template', [], true)
 5 SYSTEMPATH\Common.php(1177): CodeIgniter\View\View->render('home', [], true)
 6 APPPATH\Controllers\AppController.php(63): view('home', [...])
 7 SYSTEMPATH\CodeIgniter.php(934): App\Controllers\AppController->home()
 8 SYSTEMPATH\CodeIgniter.php(499): CodeIgniter\CodeIgniter->runController(Object(App\Controllers\AppController))
 9 SYSTEMPATH\CodeIgniter.php(368): CodeIgniter\CodeIgniter->handleRequest(null, Object(Config\Cache), false)
10 FCPATH\index.php(67): CodeIgniter\CodeIgniter->run()
INFO - 2024-02-19 13:52:25 --> Session: Class initialized using 'CodeIgniter\Session\Handlers\FileHandler' driver.
CRITICAL - 2024-02-19 13:52:25 --> Undefined variable $username
in APPPATH\Views\template.php on line 40.
 1 APPPATH\Views\template.php(40): CodeIgniter\Debug\Exceptions->errorHandler(2, 'Undefined variable $username', 'APPPATH\\Views\\template.php', 40)
 2 SYSTEMPATH\View\View.php(213): include('APPPATH\\Views\\template.php')
 3 SYSTEMPATH\View\View.php(216): CodeIgniter\View\View->CodeIgniter\View\{closure}()
 4 SYSTEMPATH\View\View.php(229): CodeIgniter\View\View->render('template', [], true)
 5 SYSTEMPATH\Common.php(1177): CodeIgniter\View\View->render('home', [], true)
 6 APPPATH\Controllers\AppController.php(63): view('home', [...])
 7 SYSTEMPATH\CodeIgniter.php(934): App\Controllers\AppController->home()
 8 SYSTEMPATH\CodeIgniter.php(499): CodeIgniter\CodeIgniter->runController(Object(App\Controllers\AppController))
 9 SYSTEMPATH\CodeIgniter.php(368): CodeIgniter\CodeIgniter->handleRequest(null, Object(Config\Cache), false)
10 FCPATH\index.php(67): CodeIgniter\CodeIgniter->run()
INFO - 2024-02-19 13:52:48 --> Session: Class initialized using 'CodeIgniter\Session\Handlers\FileHandler' driver.
CRITICAL - 2024-02-19 13:52:48 --> Undefined variable $username
in APPPATH\Views\template.php on line 40.
 1 APPPATH\Views\template.php(40): CodeIgniter\Debug\Exceptions->errorHandler(2, 'Undefined variable $username', 'APPPATH\\Views\\template.php', 40)
 2 SYSTEMPATH\View\View.php(213): include('APPPATH\\Views\\template.php')
 3 SYSTEMPATH\View\View.php(216): CodeIgniter\View\View->CodeIgniter\View\{closure}()
 4 SYSTEMPATH\View\View.php(229): CodeIgniter\View\View->render('template', [], true)
 5 SYSTEMPATH\Common.php(1177): CodeIgniter\View\View->render('home', [], true)
 6 APPPATH\Controllers\AppController.php(63): view('home', [...])
 7 SYSTEMPATH\CodeIgniter.php(934): App\Controllers\AppController->home()
 8 SYSTEMPATH\CodeIgniter.php(499): CodeIgniter\CodeIgniter->runController(Object(App\Controllers\AppController))
 9 SYSTEMPATH\CodeIgniter.php(368): CodeIgniter\CodeIgniter->handleRequest(null, Object(Config\Cache), false)
10 FCPATH\index.php(67): CodeIgniter\CodeIgniter->run()
INFO - 2024-02-19 13:53:56 --> Session: Class initialized using 'CodeIgniter\Session\Handlers\FileHandler' driver.
CRITICAL - 2024-02-19 13:53:56 --> Undefined variable $username
in APPPATH\Views\template.php on line 40.
 1 APPPATH\Views\template.php(40): CodeIgniter\Debug\Exceptions->errorHandler(2, 'Undefined variable $username', 'APPPATH\\Views\\template.php', 40)
 2 SYSTEMPATH\View\View.php(213): include('APPPATH\\Views\\template.php')
 3 SYSTEMPATH\View\View.php(216): CodeIgniter\View\View->CodeIgniter\View\{closure}()
 4 SYSTEMPATH\View\View.php(229): CodeIgniter\View\View->render('template', [], true)
 5 SYSTEMPATH\Common.php(1177): CodeIgniter\View\View->render('home', [], true)
 6 APPPATH\Controllers\AppController.php(63): view('home', [...])
 7 SYSTEMPATH\CodeIgniter.php(934): App\Controllers\AppController->home()
 8 SYSTEMPATH\CodeIgniter.php(499): CodeIgniter\CodeIgniter->runController(Object(App\Controllers\AppController))
 9 SYSTEMPATH\CodeIgniter.php(368): CodeIgniter\CodeIgniter->handleRequest(null, Object(Config\Cache), false)
10 FCPATH\index.php(67): CodeIgniter\CodeIgniter->run()
INFO - 2024-02-19 13:57:04 --> Session: Class initialized using 'CodeIgniter\Session\Handlers\FileHandler' driver.
CRITICAL - 2024-02-19 13:57:04 --> Undefined variable $username
in APPPATH\Views\template.php on line 40.
 1 APPPATH\Views\template.php(40): CodeIgniter\Debug\Exceptions->errorHandler(2, 'Undefined variable $username', 'APPPATH\\Views\\template.php', 40)
 2 SYSTEMPATH\View\View.php(213): include('APPPATH\\Views\\template.php')
 3 SYSTEMPATH\View\View.php(216): CodeIgniter\View\View->CodeIgniter\View\{closure}()
 4 SYSTEMPATH\View\View.php(229): CodeIgniter\View\View->render('template', [], true)
 5 SYSTEMPATH\Common.php(1177): CodeIgniter\View\View->render('home', [], true)
 6 APPPATH\Controllers\AppController.php(64): view('home', [...])
 7 SYSTEMPATH\CodeIgniter.php(934): App\Controllers\AppController->home()
 8 SYSTEMPATH\CodeIgniter.php(499): CodeIgniter\CodeIgniter->runController(Object(App\Controllers\AppController))
 9 SYSTEMPATH\CodeIgniter.php(368): CodeIgniter\CodeIgniter->handleRequest(null, Object(Config\Cache), false)
10 FCPATH\index.php(67): CodeIgniter\CodeIgniter->run()
INFO - 2024-02-19 13:58:45 --> Session: Class initialized using 'CodeIgniter\Session\Handlers\FileHandler' driver.
CRITICAL - 2024-02-19 13:58:45 --> Undefined variable $username
in APPPATH\Views\template.php on line 40.
 1 APPPATH\Views\template.php(40): CodeIgniter\Debug\Exceptions->errorHandler(2, 'Undefined variable $username', 'APPPATH\\Views\\template.php', 40)
 2 SYSTEMPATH\View\View.php(213): include('APPPATH\\Views\\template.php')
 3 SYSTEMPATH\View\View.php(216): CodeIgniter\View\View->CodeIgniter\View\{closure}()
 4 SYSTEMPATH\View\View.php(229): CodeIgniter\View\View->render('template', [], true)
 5 SYSTEMPATH\Common.php(1177): CodeIgniter\View\View->render('home', [], true)
 6 APPPATH\Controllers\AppController.php(64): view('home', [...])
 7 SYSTEMPATH\CodeIgniter.php(934): App\Controllers\AppController->home()
 8 SYSTEMPATH\CodeIgniter.php(499): CodeIgniter\CodeIgniter->runController(Object(App\Controllers\AppController))
 9 SYSTEMPATH\CodeIgniter.php(368): CodeIgniter\CodeIgniter->handleRequest(null, Object(Config\Cache), false)
10 FCPATH\index.php(67): CodeIgniter\CodeIgniter->run()
INFO - 2024-02-19 14:00:30 --> Session: Class initialized using 'CodeIgniter\Session\Handlers\FileHandler' driver.
CRITICAL - 2024-02-19 14:00:30 --> Undefined variable $username
in APPPATH\Views\template.php on line 40.
 1 APPPATH\Views\template.php(40): CodeIgniter\Debug\Exceptions->errorHandler(2, 'Undefined variable $username', 'APPPATH\\Views\\template.php', 40)
 2 SYSTEMPATH\View\View.php(213): include('APPPATH\\Views\\template.php')
 3 SYSTEMPATH\View\View.php(216): CodeIgniter\View\View->CodeIgniter\View\{closure}()
 4 SYSTEMPATH\View\View.php(229): CodeIgniter\View\View->render('template', [], true)
 5 SYSTEMPATH\Common.php(1177): CodeIgniter\View\View->render('home', [], true)
 6 APPPATH\Controllers\AppController.php(64): view('home', [...])
 7 SYSTEMPATH\CodeIgniter.php(934): App\Controllers\AppController->home()
 8 SYSTEMPATH\CodeIgniter.php(499): CodeIgniter\CodeIgniter->runController(Object(App\Controllers\AppController))
 9 SYSTEMPATH\CodeIgniter.php(368): CodeIgniter\CodeIgniter->handleRequest(null, Object(Config\Cache), false)
10 FCPATH\index.php(67): CodeIgniter\CodeIgniter->run()
INFO - 2024-02-19 14:00:38 --> Session: Class initialized using 'CodeIgniter\Session\Handlers\FileHandler' driver.
INFO - 2024-02-19 14:03:47 --> Session: Class initialized using 'CodeIgniter\Session\Handlers\FileHandler' driver.
CRITICAL - 2024-02-19 14:03:47 --> Undefined variable $username
in APPPATH\Views\template.php on line 40.
 1 APPPATH\Views\template.php(40): CodeIgniter\Debug\Exceptions->errorHandler(2, 'Undefined variable $username', 'APPPATH\\Views\\template.php', 40)
 2 SYSTEMPATH\View\View.php(213): include('APPPATH\\Views\\template.php')
 3 SYSTEMPATH\View\View.php(216): CodeIgniter\View\View->CodeIgniter\View\{closure}()
 4 SYSTEMPATH\View\View.php(229): CodeIgniter\View\View->render('template', [], true)
 5 SYSTEMPATH\Common.php(1177): CodeIgniter\View\View->render('home', [], true)
 6 APPPATH\Controllers\AppController.php(62): view('home', [...])
 7 SYSTEMPATH\CodeIgniter.php(934): App\Controllers\AppController->home()
 8 SYSTEMPATH\CodeIgniter.php(499): CodeIgniter\CodeIgniter->runController(Object(App\Controllers\AppController))
 9 SYSTEMPATH\CodeIgniter.php(368): CodeIgniter\CodeIgniter->handleRequest(null, Object(Config\Cache), false)
10 FCPATH\index.php(67): CodeIgniter\CodeIgniter->run()
INFO - 2024-02-19 14:04:41 --> Session: Class initialized using 'CodeIgniter\Session\Handlers\FileHandler' driver.
CRITICAL - 2024-02-19 14:04:41 --> Undefined variable $username
in APPPATH\Views\template.php on line 40.
 1 APPPATH\Views\template.php(40): CodeIgniter\Debug\Exceptions->errorHandler(2, 'Undefined variable $username', 'APPPATH\\Views\\template.php', 40)
 2 SYSTEMPATH\View\View.php(213): include('APPPATH\\Views\\template.php')
 3 SYSTEMPATH\View\View.php(216): CodeIgniter\View\View->CodeIgniter\View\{closure}()
 4 SYSTEMPATH\View\View.php(229): CodeIgniter\View\View->render('template', [], true)
 5 SYSTEMPATH\Common.php(1177): CodeIgniter\View\View->render('home', [], true)
 6 APPPATH\Controllers\AppController.php(63): view('home', [...])
 7 SYSTEMPATH\CodeIgniter.php(934): App\Controllers\AppController->home()
 8 SYSTEMPATH\CodeIgniter.php(499): CodeIgniter\CodeIgniter->runController(Object(App\Controllers\AppController))
 9 SYSTEMPATH\CodeIgniter.php(368): CodeIgniter\CodeIgniter->handleRequest(null, Object(Config\Cache), false)
10 FCPATH\index.php(67): CodeIgniter\CodeIgniter->run()
INFO - 2024-02-19 14:05:09 --> Session: Class initialized using 'CodeIgniter\Session\Handlers\FileHandler' driver.
CRITICAL - 2024-02-19 14:05:09 --> Undefined variable $userModel
in APPPATH\Views\template.php on line 40.
 1 APPPATH\Views\template.php(40): CodeIgniter\Debug\Exceptions->errorHandler(2, 'Undefined variable $userModel', 'APPPATH\\Views\\template.php', 40)
 2 SYSTEMPATH\View\View.php(213): include('APPPATH\\Views\\template.php')
 3 SYSTEMPATH\View\View.php(216): CodeIgniter\View\View->CodeIgniter\View\{closure}()
 4 SYSTEMPATH\View\View.php(229): CodeIgniter\View\View->render('template', [], true)
 5 SYSTEMPATH\Common.php(1177): CodeIgniter\View\View->render('home', [], true)
 6 APPPATH\Controllers\AppController.php(63): view('home', [...])
 7 SYSTEMPATH\CodeIgniter.php(934): App\Controllers\AppController->home()
 8 SYSTEMPATH\CodeIgniter.php(499): CodeIgniter\CodeIgniter->runController(Object(App\Controllers\AppController))
 9 SYSTEMPATH\CodeIgniter.php(368): CodeIgniter\CodeIgniter->handleRequest(null, Object(Config\Cache), false)
10 FCPATH\index.php(67): CodeIgniter\CodeIgniter->run()
INFO - 2024-02-19 14:05:27 --> Session: Class initialized using 'CodeIgniter\Session\Handlers\FileHandler' driver.
CRITICAL - 2024-02-19 14:05:27 --> Undefined variable $username
in APPPATH\Views\template.php on line 40.
 1 APPPATH\Views\template.php(40): CodeIgniter\Debug\Exceptions->errorHandler(2, 'Undefined variable $username', 'APPPATH\\Views\\template.php', 40)
 2 SYSTEMPATH\View\View.php(213): include('APPPATH\\Views\\template.php')
 3 SYSTEMPATH\View\View.php(216): CodeIgniter\View\View->CodeIgniter\View\{closure}()
 4 SYSTEMPATH\View\View.php(229): CodeIgniter\View\View->render('template', [], true)
 5 SYSTEMPATH\Common.php(1177): CodeIgniter\View\View->render('home', [], true)
 6 APPPATH\Controllers\AppController.php(63): view('home', [...])
 7 SYSTEMPATH\CodeIgniter.php(934): App\Controllers\AppController->home()
 8 SYSTEMPATH\CodeIgniter.php(499): CodeIgniter\CodeIgniter->runController(Object(App\Controllers\AppController))
 9 SYSTEMPATH\CodeIgniter.php(368): CodeIgniter\CodeIgniter->handleRequest(null, Object(Config\Cache), false)
10 FCPATH\index.php(67): CodeIgniter\CodeIgniter->run()
INFO - 2024-02-19 14:05:39 --> Session: Class initialized using 'CodeIgniter\Session\Handlers\FileHandler' driver.
CRITICAL - 2024-02-19 14:05:39 --> Undefined variable $foto
in APPPATH\Views\template.php on line 40.
 1 APPPATH\Views\template.php(40): CodeIgniter\Debug\Exceptions->errorHandler(2, 'Undefined variable $foto', 'APPPATH\\Views\\template.php', 40)
 2 SYSTEMPATH\View\View.php(213): include('APPPATH\\Views\\template.php')
 3 SYSTEMPATH\View\View.php(216): CodeIgniter\View\View->CodeIgniter\View\{closure}()
 4 SYSTEMPATH\View\View.php(229): CodeIgniter\View\View->render('template', [], true)
 5 SYSTEMPATH\Common.php(1177): CodeIgniter\View\View->render('home', [], true)
 6 APPPATH\Controllers\AppController.php(63): view('home', [...])
 7 SYSTEMPATH\CodeIgniter.php(934): App\Controllers\AppController->home()
 8 SYSTEMPATH\CodeIgniter.php(499): CodeIgniter\CodeIgniter->runController(Object(App\Controllers\AppController))
 9 SYSTEMPATH\CodeIgniter.php(368): CodeIgniter\CodeIgniter->handleRequest(null, Object(Config\Cache), false)
10 FCPATH\index.php(67): CodeIgniter\CodeIgniter->run()
INFO - 2024-02-19 14:05:40 --> Session: Class initialized using 'CodeIgniter\Session\Handlers\FileHandler' driver.
CRITICAL - 2024-02-19 14:05:40 --> Undefined variable $foto
in APPPATH\Views\template.php on line 40.
 1 APPPATH\Views\template.php(40): CodeIgniter\Debug\Exceptions->errorHandler(2, 'Undefined variable $foto', 'APPPATH\\Views\\template.php', 40)
 2 SYSTEMPATH\View\View.php(213): include('APPPATH\\Views\\template.php')
 3 SYSTEMPATH\View\View.php(216): CodeIgniter\View\View->CodeIgniter\View\{closure}()
 4 SYSTEMPATH\View\View.php(229): CodeIgniter\View\View->render('template', [], true)
 5 SYSTEMPATH\Common.php(1177): CodeIgniter\View\View->render('home', [], true)
 6 APPPATH\Controllers\AppController.php(63): view('home', [...])
 7 SYSTEMPATH\CodeIgniter.php(934): App\Controllers\AppController->home()
 8 SYSTEMPATH\CodeIgniter.php(499): CodeIgniter\CodeIgniter->runController(Object(App\Controllers\AppController))
 9 SYSTEMPATH\CodeIgniter.php(368): CodeIgniter\CodeIgniter->handleRequest(null, Object(Config\Cache), false)
10 FCPATH\index.php(67): CodeIgniter\CodeIgniter->run()
INFO - 2024-02-19 14:10:47 --> Session: Class initialized using 'CodeIgniter\Session\Handlers\FileHandler' driver.
CRITICAL - 2024-02-19 14:10:47 --> Undefined variable $username
in APPPATH\Views\template.php on line 40.
 1 APPPATH\Views\template.php(40): CodeIgniter\Debug\Exceptions->errorHandler(2, 'Undefined variable $username', 'APPPATH\\Views\\template.php', 40)
 2 SYSTEMPATH\View\View.php(213): include('APPPATH\\Views\\template.php')
 3 SYSTEMPATH\View\View.php(216): CodeIgniter\View\View->CodeIgniter\View\{closure}()
 4 SYSTEMPATH\View\View.php(229): CodeIgniter\View\View->render('template', [], true)
 5 SYSTEMPATH\Common.php(1177): CodeIgniter\View\View->render('home', [], true)
 6 APPPATH\Controllers\AppController.php(63): view('home', [...])
 7 SYSTEMPATH\CodeIgniter.php(934): App\Controllers\AppController->home()
 8 SYSTEMPATH\CodeIgniter.php(499): CodeIgniter\CodeIgniter->runController(Object(App\Controllers\AppController))
 9 SYSTEMPATH\CodeIgniter.php(368): CodeIgniter\CodeIgniter->handleRequest(null, Object(Config\Cache), false)
10 FCPATH\index.php(67): CodeIgniter\CodeIgniter->run()
INFO - 2024-02-19 14:10:48 --> Session: Class initialized using 'CodeIgniter\Session\Handlers\FileHandler' driver.
CRITICAL - 2024-02-19 14:10:48 --> Undefined variable $username
in APPPATH\Views\template.php on line 40.
 1 APPPATH\Views\template.php(40): CodeIgniter\Debug\Exceptions->errorHandler(2, 'Undefined variable $username', 'APPPATH\\Views\\template.php', 40)
 2 SYSTEMPATH\View\View.php(213): include('APPPATH\\Views\\template.php')
 3 SYSTEMPATH\View\View.php(216): CodeIgniter\View\View->CodeIgniter\View\{closure}()
 4 SYSTEMPATH\View\View.php(229): CodeIgniter\View\View->render('template', [], true)
 5 SYSTEMPATH\Common.php(1177): CodeIgniter\View\View->render('preview_foto', [], true)
 6 APPPATH\Controllers\AppController.php(299): view('preview_foto', [...])
 7 SYSTEMPATH\CodeIgniter.php(934): App\Controllers\AppController->preview_foto('47')
 8 SYSTEMPATH\CodeIgniter.php(499): CodeIgniter\CodeIgniter->runController(Object(App\Controllers\AppController))
 9 SYSTEMPATH\CodeIgniter.php(368): CodeIgniter\CodeIgniter->handleRequest(null, Object(Config\Cache), false)
10 FCPATH\index.php(67): CodeIgniter\CodeIgniter->run()
INFO - 2024-02-19 14:11:19 --> Session: Class initialized using 'CodeIgniter\Session\Handlers\FileHandler' driver.
INFO - 2024-02-19 14:11:23 --> Session: Class initialized using 'CodeIgniter\Session\Handlers\FileHandler' driver.
INFO - 2024-02-19 14:12:05 --> Session: Class initialized using 'CodeIgniter\Session\Handlers\FileHandler' driver.
INFO - 2024-02-19 14:12:07 --> Session: Class initialized using 'CodeIgniter\Session\Handlers\FileHandler' driver.
INFO - 2024-02-19 14:12:11 --> Session: Class initialized using 'CodeIgniter\Session\Handlers\FileHandler' driver.
INFO - 2024-02-19 14:12:15 --> Session: Class initialized using 'CodeIgniter\Session\Handlers\FileHandler' driver.
